2026-06-04T17:22:37.341034+00:00 collector start
2026-06-04T17:22:37.535079+00:00 pubmed query='("ultra-processed food" OR "ultra processed food") AND (energy intake OR appetite OR randomized)' ids=['41819267', '42228145', '42105610', '42031230']
2026-06-04T17:22:38.057000+00:00 pubmed query='("food matrix" OR "metabolizable energy" OR Atwater) AND (calorie OR energy)' ids=['42181098', '42161123', '42223764', '42016535']
2026-06-04T17:22:38.582644+00:00 pubmed query='("eating rate" OR texture OR "oral processing") AND (satiety OR "energy intake")' ids=['41966356', '42176807', '42197096', '42139151']
2026-06-04T17:22:39.062635+00:00 pubmed query='("protein leverage" OR "thermic effect of food" OR "diet-induced thermogenesis")' ids=['41968000', '42186269', '42190872', '42157407']
2026-06-04T17:22:39.572623+00:00 pubmed query='("personalized nutrition" OR "glycemic response" OR postprandial) AND variability' ids=['41618909', '42116428', '41887456', '42234999']
2026-06-04T17:22:40.117613+00:00 pubmed query='("constrained energy expenditure" OR "adaptive thermogenesis" OR "exercise compensation")' ids=['42175739', '42083330', '41986933', '41793777']
2026-06-04T17:22:40.609144+00:00 pubmed query='(isocaloric OR "energy balance") AND (obesity OR "weight loss") AND (trial OR review)' ids=['42026801', '42015346', '42165244', '42083226']
2026-06-04T17:22:41.872655+00:00 crossref query='ultra-processed food randomized energy intake nutrition' count=3
2026-06-04T17:22:42.751052+00:00 crossref query='food matrix metabolizable energy calorie Atwater nutrition' count=3
2026-06-04T17:22:43.493579+00:00 crossref query='eating rate texture satiety energy intake' count=3
2026-06-04T17:22:43.558595+00:00 bsky query failed 'ultra-processed food Kevin Hall': HTTP Error 403: Forbidden
2026-06-04T17:22:43.606606+00:00 bsky query failed 'constrained energy expenditure Pontzer': HTTP Error 403: Forbidden
2026-06-04T17:22:43.658618+00:00 bsky query failed 'personalized nutrition glycemic response': HTTP Error 403: Forbidden
2026-06-04T17:22:43.659619+00:00 wrote candidates path=C:\Users\Home\Documents\Calories\research-monitor\incoming\2026-06-04-candidates.json count=8
2026-06-04T17:22:43.659619+00:00 run C:\Users\Home\AppData\Local\hermes\hermes-agent\venv\Scripts\python.exe scripts/ingest_entries.py C:\Users\Home\Documents\Calories\research-monitor\incoming\2026-06-04-candidates.json
2026-06-04T17:22:43.721633+00:00 run C:\Users\Home\AppData\Local\hermes\hermes-agent\venv\Scripts\python.exe scripts/deploy_website.py
2026-06-04T17:22:46.563863+00:00 summary={'date': '2026-06-04', 'candidate_count': 8, 'added_count': 8, 'high_added_count': 8, 'medium_added_count': 0, 'rejected_count': 0, 'added_titles': ['Constant-routine protocol reveals an endogenous circadian rhythm in diet-induced thermogenesis with a peak in the biological morning.', "Enhancing the nutritional value of date palm leaves via solid-state fermentation and its impact with single-cell protein on lambs' performance.", 'Attenuation of Adaptive Thermogenesis by a Culinary Dose of Red Pepper During 24-Hour Negative Energy Balance.', 'Association of combined ultra-processed food intake (ultra-processed dietary pattern) with cognitive function impairment: a meta-analysis of prospective cohort studies.', 'Personalized Type 1 Diabetes Management: Reinforcement Learning-Based Insulin Dosing and Glucose Forecasting.', 'Texture-optimized early enteral nutrition enhances gastrointestinal recovery and caloric intake after general surgery: A randomized controlled trial.', 'Ultra-processed food consumption and multiple sclerosis incidence: A prospective cohort study.', 'A cognitive dissonance-based intervention to reduce ultra-processed food intake: Protocol for a pilot randomized controlled trial.'], 'rejected': [], 'backup_path': 'C:\\Users\\Home\\Documents\\Calories\\research-monitor\\backups\\2026-06-04-new_entries.json', 'data_path': 'C:\\Users\\Home\\Documents\\Calories\\research-monitor\\data\\data.json', 'docs_data_path': 'C:\\Users\\Home\\Documents\\Calories\\research-monitor\\docs\\data.json', 'notes': {}}
2026-06-04T17:25:22.284309+00:00 collector start
2026-06-04T17:25:22.447008+00:00 pubmed query='("ultra-processed food" OR "ultra processed food") AND ("energy intake" OR appetite OR "ad libitum" OR randomized)' ids=['41819267', '42228145', '42105610', '42031230']
2026-06-04T17:25:22.945309+00:00 pubmed query='("food matrix" OR "metabolizable energy" OR Atwater) AND (calorie OR energy OR nutrition)' ids=['42181098', '42096796', '42161123', '42223764']
2026-06-04T17:25:23.483450+00:00 pubmed query='("eating rate" OR "oral processing" OR "food texture") AND (satiety OR "energy intake")' ids=['42176807', '42197096', '42139151', '41314613']
2026-06-04T17:25:24.002608+00:00 pubmed query='("diet-induced thermogenesis" OR "thermic effect of food") AND (meal OR diet OR calorie)' ids=['41968000', '42186269', '42190872', '42120179']
2026-06-04T17:25:24.511702+00:00 pubmed query='("personalized nutrition" OR "glycemic response") AND (meal OR diet OR postprandial) AND variability' ids=['41618909', '41887456', '42234999', '42177949']
2026-06-04T17:25:25.070084+00:00 pubmed query='("constrained energy expenditure" OR "adaptive thermogenesis" OR "exercise compensation") AND (diet OR obesity OR "energy balance")' ids=['42083330', '42139785', '42048804', '42235826']
2026-06-04T17:25:25.565042+00:00 pubmed query='(isocaloric OR "energy balance") AND ("weight loss" OR obesity) AND (diet OR trial OR review)' ids=['42026801', '42015346', '42066508', '42165244']
2026-06-04T17:25:26.621755+00:00 crossref query='ultra-processed food randomized energy intake nutrition' count=3
2026-06-04T17:25:27.451637+00:00 crossref query='food matrix metabolizable energy calorie Atwater nutrition' count=3
2026-06-04T17:25:28.200607+00:00 crossref query='eating rate texture satiety energy intake' count=3
2026-06-04T17:25:28.273624+00:00 bsky query failed 'ultra-processed food Kevin Hall': HTTP Error 403: Forbidden
2026-06-04T17:25:28.324636+00:00 bsky query failed 'constrained energy expenditure Pontzer': HTTP Error 403: Forbidden
2026-06-04T17:25:28.374647+00:00 bsky query failed 'personalized nutrition glycemic response': HTTP Error 403: Forbidden
2026-06-04T17:25:28.375648+00:00 wrote candidates path=C:\Users\Home\Documents\Calories\research-monitor\incoming\2026-06-04-candidates.json count=6
2026-06-04T17:25:28.375648+00:00 run C:\Users\Home\AppData\Local\hermes\hermes-agent\venv\Scripts\python.exe scripts/ingest_entries.py C:\Users\Home\Documents\Calories\research-monitor\incoming\2026-06-04-candidates.json
2026-06-04T17:25:28.438663+00:00 run C:\Users\Home\AppData\Local\hermes\hermes-agent\venv\Scripts\python.exe scripts/deploy_website.py
